Loading model...
Loading datasets...

Running ETTh1 with context=672, prediction=96, stride=96, norm=train
[ETTh1] pred=96 windows=210 series=7 overall_mse=0.424136 overall_mae=0.382852
  - HUFL: mse=0.938822, mae=0.593092
  - HULL: mse=0.209193, mae=0.331374
  - MUFL: mse=1.017343, mae=0.590166
  - MULL: mse=0.174341, mae=0.293583
  - LUFL: mse=0.472618, mae=0.454342
  - LULL: mse=0.107846, mae=0.252893
  - OT: mse=0.048788, mae=0.164512

Running ETTh1 with context=672, prediction=192, stride=192, norm=train
[ETTh1] pred=192 windows=105 series=7 overall_mse=0.436556 overall_mae=0.402632
  - HUFL: mse=0.950838, mae=0.609687
  - HULL: mse=0.244578, mae=0.362672
  - MUFL: mse=0.995541, mae=0.603635
  - MULL: mse=0.200859, mae=0.319376
  - LUFL: mse=0.493802, mae=0.480027
  - LULL: mse=0.112240, mae=0.261218
  - OT: mse=0.058036, mae=0.181808

Running ETTh1 with context=672, prediction=336, stride=336, norm=train
[ETTh1] pred=336 windows=56 series=7 overall_mse=0.537068 overall_mae=0.438550
  - HUFL: mse=1.218475, mae=0.686473
  - HULL: mse=0.293984, mae=0.386119
  - MUFL: mse=1.278779, mae=0.682343
  - MULL: mse=0.229183, mae=0.332666
  - LUFL: mse=0.540686, mae=0.497197
  - LULL: mse=0.124576, mae=0.276861
  - OT: mse=0.073795, mae=0.208193

Running ETTh1 with context=672, prediction=720, stride=720, norm=train
[ETTh1] pred=720 windows=28 series=7 overall_mse=0.478514 overall_mae=0.445628
  - HUFL: mse=0.996269, mae=0.656794
  - HULL: mse=0.331199, mae=0.420563
  - MUFL: mse=0.986591, mae=0.634743
  - MULL: mse=0.240715, mae=0.352213
  - LUFL: mse=0.549395, mae=0.517292
  - LULL: mse=0.160828, mae=0.325096
  - OT: mse=0.084605, mae=0.212693

Running ETTh2 with context=672, prediction=96, stride=96, norm=train
[ETTh2] pred=96 windows=210 series=7 overall_mse=0.306949 overall_mae=0.318795
  - HUFL: mse=0.358406, mae=0.425257
  - HULL: mse=0.270705, mae=0.251537
  - MUFL: mse=0.125900, mae=0.238597
  - MULL: mse=0.911513, mae=0.630276
  - LUFL: mse=0.339554, mae=0.338445
  - LULL: mse=0.014033, mae=0.078920
  - OT: mse=0.128534, mae=0.268529

Running ETTh2 with context=672, prediction=192, stride=192, norm=train
[ETTh2] pred=192 windows=105 series=7 overall_mse=0.366603 overall_mae=0.377621
  - HUFL: mse=0.499395, mae=0.513972
  - HULL: mse=0.310682, mae=0.268128
  - MUFL: mse=0.151533, mae=0.264132
  - MULL: mse=0.925902, mae=0.728655
  - LUFL: mse=0.499004, mae=0.456334
  - LULL: mse=0.022050, mae=0.105908
  - OT: mse=0.157656, mae=0.306221

Running ETTh2 with context=672, prediction=336, stride=336, norm=train
[ETTh2] pred=336 windows=56 series=7 overall_mse=0.360453 overall_mae=0.378403
  - HUFL: mse=0.549655, mae=0.533266
  - HULL: mse=0.313053, mae=0.259120
  - MUFL: mse=0.166919, mae=0.285241
  - MULL: mse=0.803843, mae=0.669117
  - LUFL: mse=0.485228, mae=0.462703
  - LULL: mse=0.019169, mae=0.099644
  - OT: mse=0.185305, mae=0.339732

Running ETTh2 with context=672, prediction=720, stride=720, norm=train
[ETTh2] pred=720 windows=28 series=7 overall_mse=0.543286 overall_mae=0.461140
  - HUFL: mse=0.560728, mae=0.575967
  - HULL: mse=0.365837, mae=0.322065
  - MUFL: mse=0.148421, mae=0.291772
  - MULL: mse=1.742048, mae=0.967417
  - LUFL: mse=0.699772, mae=0.546017
  - LULL: mse=0.024936, mae=0.116519
  - OT: mse=0.261258, mae=0.408225

Running ETTm1 with context=672, prediction=96, stride=96, norm=train
[ETTm1] pred=96 windows=840 series=7 overall_mse=0.352476 overall_mae=0.324191
  - HUFL: mse=0.870041, mae=0.513345
  - HULL: mse=0.184396, mae=0.307530
  - MUFL: mse=0.895039, mae=0.504693
  - MULL: mse=0.157124, mae=0.273257
  - LUFL: mse=0.245864, mae=0.327384
  - LULL: mse=0.084942, mae=0.218222
  - OT: mse=0.029926, mae=0.124905

Running ETTm1 with context=672, prediction=192, stride=192, norm=train
[ETTm1] pred=192 windows=420 series=7 overall_mse=0.409714 overall_mae=0.365028
  - HUFL: mse=0.937705, mae=0.564295
  - HULL: mse=0.220623, mae=0.335219
  - MUFL: mse=0.978422, mae=0.558054
  - MULL: mse=0.186781, mae=0.293750
  - LUFL: mse=0.391369, mae=0.400257
  - LULL: mse=0.104598, mae=0.243362
  - OT: mse=0.048498, mae=0.160262

Running ETTm1 with context=672, prediction=336, stride=336, norm=train
[ETTm1] pred=336 windows=238 series=7 overall_mse=0.437854 overall_mae=0.382424
  - HUFL: mse=0.947180, mae=0.555092
  - HULL: mse=0.242006, mae=0.357027
  - MUFL: mse=1.013997, mae=0.553299
  - MULL: mse=0.188828, mae=0.303301
  - LUFL: mse=0.489347, mae=0.450183
  - LULL: mse=0.119413, mae=0.264215
  - OT: mse=0.064210, mae=0.193850

Running ETTm1 with context=672, prediction=720, stride=720, norm=train
[ETTm1] pred=720 windows=112 series=7 overall_mse=0.568351 overall_mae=0.448362
  - HUFL: mse=1.218114, mae=0.659314
  - HULL: mse=0.304519, mae=0.405423
  - MUFL: mse=1.289350, mae=0.655407
  - MULL: mse=0.258016, mae=0.365116
  - LUFL: mse=0.680070, mae=0.549416
  - LULL: mse=0.146033, mae=0.289616
  - OT: mse=0.082357, mae=0.214242

Running ETTm2 with context=672, prediction=96, stride=96, norm=train
[ETTm2] pred=96 windows=840 series=7 overall_mse=0.176046 overall_mae=0.232801
  - HUFL: mse=0.258247, mae=0.324906
  - HULL: mse=0.215176, mae=0.210079
  - MUFL: mse=0.087084, mae=0.184104
  - MULL: mse=0.455238, mae=0.454841
  - LUFL: mse=0.129148, mae=0.213920
  - LULL: mse=0.005926, mae=0.048419
  - OT: mse=0.081501, mae=0.193337

Running ETTm2 with context=672, prediction=192, stride=192, norm=train
[ETTm2] pred=192 windows=420 series=7 overall_mse=0.246043 overall_mae=0.279264
  - HUFL: mse=0.353001, mae=0.375051
  - HULL: mse=0.262513, mae=0.250910
  - MUFL: mse=0.113435, mae=0.210165
  - MULL: mse=0.628487, mae=0.540001
  - LUFL: mse=0.223912, mae=0.266231
  - LULL: mse=0.007904, mae=0.057973
  - OT: mse=0.133050, mae=0.254520

Running ETTm2 with context=672, prediction=336, stride=336, norm=train
[ETTm2] pred=336 windows=238 series=7 overall_mse=0.359551 overall_mae=0.349045
  - HUFL: mse=0.584681, mae=0.512471
  - HULL: mse=0.358526, mae=0.313517
  - MUFL: mse=0.173979, mae=0.277460
  - MULL: mse=0.967483, mae=0.688180
  - LUFL: mse=0.267278, mae=0.294064
  - LULL: mse=0.011121, mae=0.069488
  - OT: mse=0.153787, mae=0.288134

Running ETTm2 with context=672, prediction=720, stride=720, norm=train
[ETTm2] pred=720 windows=112 series=7 overall_mse=0.431067 overall_mae=0.395413
  - HUFL: mse=0.667939, mae=0.561973
  - HULL: mse=0.429140, mae=0.369418
  - MUFL: mse=0.143958, mae=0.254963
  - MULL: mse=1.194099, mae=0.796994
  - LUFL: mse=0.354140, mae=0.344395
  - LULL: mse=0.014499, mae=0.081227
  - OT: mse=0.213691, mae=0.358918

Summary (dataset, prediction_length, overall_mse, overall_mae)
ETTh1,96,0.424136,0.382852
ETTh1,192,0.436556,0.402632
ETTh1,336,0.537068,0.438550
ETTh1,720,0.478514,0.445628
ETTh2,96,0.306949,0.318795
ETTh2,192,0.366603,0.377621
ETTh2,336,0.360453,0.378403
ETTh2,720,0.543286,0.461140
ETTm1,96,0.352476,0.324191
ETTm1,192,0.409714,0.365028
ETTm1,336,0.437854,0.382424
ETTm1,720,0.568351,0.448362
ETTm2,96,0.176046,0.232801
ETTm2,192,0.246043,0.279264
ETTm2,336,0.359551,0.349045
ETTm2,720,0.431067,0.395413

Averaged across prediction lengths (dataset, avg_mse, avg_mae)
ETTh1,0.469069,0.417415
ETTh2,0.394323,0.383990
ETTm1,0.442099,0.380001
ETTm2,0.303176,0.314131
