Loading model...
Downloaded.
Loading datasets...

Running ETTh1 with context=672, prediction=96, stride=96, normalize_inputs=True, norm=train
[ETTh1] pred=96 windows=210 series=7 overall_mse=0.395447 overall_mae=0.384662
  - HUFL: mse=0.833704, mae=0.580040
  - HULL: mse=0.216022, mae=0.340525
  - MUFL: mse=0.893109, mae=0.572616
  - MULL: mse=0.169907, mae=0.291245
  - LUFL: mse=0.487138, mae=0.475505
  - LULL: mse=0.120497, mae=0.267208
  - OT: mse=0.047754, mae=0.165494

Running ETTh1 with context=672, prediction=192, stride=192, normalize_inputs=True, norm=train
[ETTh1] pred=192 windows=105 series=7 overall_mse=0.402029 overall_mae=0.404010
  - HUFL: mse=0.830683, mae=0.594127
  - HULL: mse=0.250915, mae=0.367874
  - MUFL: mse=0.861148, mae=0.582943
  - MULL: mse=0.189516, mae=0.309767
  - LUFL: mse=0.485150, mae=0.489904
  - LULL: mse=0.130622, mae=0.284172
  - OT: mse=0.066168, mae=0.199283

Running ETTh1 with context=672, prediction=336, stride=336, normalize_inputs=True, norm=train
[ETTh1] pred=336 windows=56 series=7 overall_mse=0.514918 overall_mae=0.438834
  - HUFL: mse=1.097404, mae=0.669818
  - HULL: mse=0.286723, mae=0.382754
  - MUFL: mse=1.220378, mae=0.680730
  - MULL: mse=0.219695, mae=0.325272
  - LUFL: mse=0.568363, mae=0.513359
  - LULL: mse=0.132033, mae=0.284358
  - OT: mse=0.079830, mae=0.215549

Running ETTh1 with context=672, prediction=720, stride=720, normalize_inputs=True, norm=train
[ETTh1] pred=720 windows=28 series=7 overall_mse=0.453510 overall_mae=0.438085
  - HUFL: mse=0.903979, mae=0.641183
  - HULL: mse=0.286659, mae=0.387227
  - MUFL: mse=0.938376, mae=0.627018
  - MULL: mse=0.216929, mae=0.329750
  - LUFL: mse=0.590745, mae=0.545132
  - LULL: mse=0.156243, mae=0.315578
  - OT: mse=0.081635, mae=0.220706

Running ETTh2 with context=672, prediction=96, stride=96, normalize_inputs=True, norm=train
[ETTh2] pred=96 windows=210 series=7 overall_mse=0.291163 overall_mae=0.332555
  - HUFL: mse=0.444012, mae=0.484972
  - HULL: mse=0.271947, mae=0.290555
  - MUFL: mse=0.136421, mae=0.253133
  - MULL: mse=0.743949, mae=0.633336
  - LUFL: mse=0.302334, mae=0.320455
  - LULL: mse=0.011621, mae=0.073563
  - OT: mse=0.127860, mae=0.271872

Running ETTh2 with context=672, prediction=192, stride=192, normalize_inputs=True, norm=train
[ETTh2] pred=192 windows=105 series=7 overall_mse=0.398200 overall_mae=0.391575
  - HUFL: mse=0.563002, mae=0.547386
  - HULL: mse=0.300772, mae=0.271517
  - MUFL: mse=0.138446, mae=0.257495
  - MULL: mse=1.104543, mae=0.794518
  - LUFL: mse=0.490203, mae=0.448554
  - LULL: mse=0.018252, mae=0.101580
  - OT: mse=0.172181, mae=0.319974

Running ETTh2 with context=672, prediction=336, stride=336, normalize_inputs=True, norm=train
[ETTh2] pred=336 windows=56 series=7 overall_mse=0.394452 overall_mae=0.397815
  - HUFL: mse=0.614367, mae=0.561523
  - HULL: mse=0.380907, mae=0.321307
  - MUFL: mse=0.157759, mae=0.270851
  - MULL: mse=0.957819, mae=0.748894
  - LUFL: mse=0.448808, mae=0.438930
  - LULL: mse=0.019934, mae=0.103149
  - OT: mse=0.181572, mae=0.340054

Running ETTh2 with context=672, prediction=720, stride=720, normalize_inputs=True, norm=train
[ETTh2] pred=720 windows=28 series=7 overall_mse=0.405695 overall_mae=0.426932
  - HUFL: mse=0.657613, mae=0.643578
  - HULL: mse=0.306540, mae=0.301811
  - MUFL: mse=0.155160, mae=0.298046
  - MULL: mse=0.802673, mae=0.703802
  - LUFL: mse=0.663859, mae=0.528743
  - LULL: mse=0.026412, mae=0.121769
  - OT: mse=0.227611, mae=0.390778

Running ETTm1 with context=672, prediction=96, stride=96, normalize_inputs=True, norm=train
[ETTm1] pred=96 windows=840 series=7 overall_mse=0.325437 overall_mae=0.322430
  - HUFL: mse=0.742377, mae=0.484332
  - HULL: mse=0.169811, mae=0.295618
  - MUFL: mse=0.777562, mae=0.485022
  - MULL: mse=0.142177, mae=0.263286
  - LUFL: mse=0.329938, mae=0.382994
  - LULL: mse=0.086876, mae=0.218628
  - OT: mse=0.029318, mae=0.127128

Running ETTm1 with context=672, prediction=192, stride=192, normalize_inputs=True, norm=train
[ETTm1] pred=192 windows=420 series=7 overall_mse=0.385151 overall_mae=0.360208
  - HUFL: mse=0.852384, mae=0.542043
  - HULL: mse=0.193691, mae=0.317166
  - MUFL: mse=0.922513, mae=0.541160
  - MULL: mse=0.164230, mae=0.280774
  - LUFL: mse=0.419966, mae=0.445583
  - LULL: mse=0.100554, mae=0.238234
  - OT: mse=0.042715, mae=0.156493

Running ETTm1 with context=672, prediction=336, stride=336, normalize_inputs=True, norm=train
[ETTm1] pred=336 windows=238 series=7 overall_mse=0.410723 overall_mae=0.381272
  - HUFL: mse=0.879008, mae=0.560912
  - HULL: mse=0.206085, mae=0.327248
  - MUFL: mse=0.935219, mae=0.561188
  - MULL: mse=0.171801, mae=0.292104
  - LUFL: mse=0.498697, mae=0.472867
  - LULL: mse=0.119529, mae=0.260881
  - OT: mse=0.064725, mae=0.193702

Running ETTm1 with context=672, prediction=720, stride=720, normalize_inputs=True, norm=train
[ETTm1] pred=720 windows=112 series=7 overall_mse=0.510582 overall_mae=0.430353
  - HUFL: mse=1.135084, mae=0.653714
  - HULL: mse=0.247606, mae=0.368635
  - MUFL: mse=1.228187, mae=0.655005
  - MULL: mse=0.200070, mae=0.327987
  - LUFL: mse=0.549145, mae=0.517262
  - LULL: mse=0.130489, mae=0.272503
  - OT: mse=0.083490, mae=0.217367

Running ETTm2 with context=672, prediction=96, stride=96, normalize_inputs=True, norm=train
[ETTm2] pred=96 windows=840 series=7 overall_mse=0.179013 overall_mae=0.240495
  - HUFL: mse=0.271990, mae=0.339260
  - HULL: mse=0.223941, mae=0.224932
  - MUFL: mse=0.102991, mae=0.202178
  - MULL: mse=0.472712, mae=0.473811
  - LUFL: mse=0.104134, mae=0.207676
  - LULL: mse=0.005792, mae=0.048241
  - OT: mse=0.071530, mae=0.187365

Running ETTm2 with context=672, prediction=192, stride=192, normalize_inputs=True, norm=train
[ETTm2] pred=192 windows=420 series=7 overall_mse=0.246193 overall_mae=0.286992
  - HUFL: mse=0.375482, mae=0.401351
  - HULL: mse=0.257294, mae=0.258759
  - MUFL: mse=0.149519, mae=0.241106
  - MULL: mse=0.634863, mae=0.554362
  - LUFL: mse=0.189313, mae=0.259135
  - LULL: mse=0.007846, mae=0.057215
  - OT: mse=0.109034, mae=0.237013

Running ETTm2 with context=672, prediction=336, stride=336, normalize_inputs=True, norm=train
[ETTm2] pred=336 windows=238 series=7 overall_mse=0.363218 overall_mae=0.355678
  - HUFL: mse=0.552442, mae=0.498189
  - HULL: mse=0.366277, mae=0.333129
  - MUFL: mse=0.189828, mae=0.285888
  - MULL: mse=1.002407, mae=0.719409
  - LUFL: mse=0.293402, mae=0.310486
  - LULL: mse=0.010462, mae=0.069113
  - OT: mse=0.127709, mae=0.273533

Running ETTm2 with context=672, prediction=720, stride=720, normalize_inputs=True, norm=train
[ETTm2] pred=720 windows=112 series=7 overall_mse=0.434591 overall_mae=0.399317
  - HUFL: mse=0.641055, mae=0.557501
  - HULL: mse=0.395702, mae=0.341912
  - MUFL: mse=0.198012, mae=0.303689
  - MULL: mse=1.250454, mae=0.828543
  - LUFL: mse=0.356052, mae=0.348829
  - LULL: mse=0.013817, mae=0.078191
  - OT: mse=0.187046, mae=0.336551

Summary (dataset, prediction_length, overall_mse, overall_mae)
ETTh1,96,0.395447,0.384662
ETTh1,192,0.402029,0.404010
ETTh1,336,0.514918,0.438834
ETTh1,720,0.453510,0.438085
ETTh2,96,0.291163,0.332555
ETTh2,192,0.398200,0.391575
ETTh2,336,0.394452,0.397815
ETTh2,720,0.405695,0.426932
ETTm1,96,0.325437,0.322430
ETTm1,192,0.385151,0.360208
ETTm1,336,0.410723,0.381272
ETTm1,720,0.510582,0.430353
ETTm2,96,0.179013,0.240495
ETTm2,192,0.246193,0.286992
ETTm2,336,0.363218,0.355678
ETTm2,720,0.434591,0.399317

Averaged across prediction lengths (dataset, avg_mse, avg_mae)
ETTh1,0.441476,0.416398
ETTh2,0.372378,0.387219
ETTm1,0.407973,0.373566
ETTm2,0.305754,0.320620
